Hello 
Hi Daniel
daniel
Hello
HELLO
Hello
Hello
Hello
Hello
Hello Dear
Hey how are you doing
i'm doing fine hope you are good
Yes i am
ok nice
Can we meet tomorrow
Yes we should
That would be great
Yeah
Nice talking with you
And you to
Bye
Hello
Hi
hello
how are you
i am fine
ok thank God
hi
help me!!!
{"user":"Me","content":"help me!!!"}
{"user":"Me","content":"hi"}
{"user":"Me","content":"hi"}
{"user":"Me","content":"help me!!!"}
{"user":"Me","content":"hi"}
{"user":"Me","content":"hi"}
{"user":"Me","content":"What's good?"}
{"user":"Me","content":"I'm okay and you?"}
{"user":"Me","content":"hi"}
{"user":"Me","content":"hello"}
{"user":"Me","content":"Hi"}
{"user":"Me","content":"Hello"}
hi
Hi
{"user":"Me","content":"hi"}
{"user":"Me","content":"Hello"}
{"user":"Me","content":"How are you?"}
{"user":"Me","content":"Hi"}
{"user":"Me","content":"hello"}
{"user":"Me","content":"How are you?"}
{"user":"Me","content":"I am fine and you?"}
{"user":"Me","content":"I am fine too"}
{"user":"Me","content":"What are you doing tomorrow?"}
{"user":"Me","content":"Well, nothing much, just working on my project. What about you?"}
{"user":{"username":"Daniel"},"content":"Hi"}
{"user":{"username":"Faith"},"content":"Hello"}
{"user":"","content":"Hii"}
{"user":"Faith","content":"Hi Dan"}
{"user":"Daniel","content":"Hello Ose"}
{"user":"Daniel","content":"How are you?"}
{"user":"Faith","content":"I am fine and you?"}
